[2026-02-16 02:45:00] INFO - Payment gateway started
[2026-02-16 02:45:01] INFO - Configuration loaded successfully
[2026-02-16 02:45:02] INFO - Database connection established
[2026-02-16 02:46:30] INFO - Processing transaction TXN_12847
[2026-02-16 02:46:31] INFO - Transaction TXN_12847 completed successfully
[2026-02-16 02:47:10] WARNING - High traffic detected: 1500 req/sec
[2026-02-16 02:47:12] ERROR - Transaction validation failed unexpectedly
[2026-02-16 02:47:13] CRITICAL - NoneType object has no attribute 'amount'
[2026-02-16 02:47:13] ERROR - Unhandled exception in payment processor
[2026-02-16 02:47:13] ERROR - Stack trace dumped to stack_trace.txt
[2026-02-16 02:47:14] ERROR - Transaction ID rejected
[2026-02-16 02:47:14] WARNING - Retry attempt 1/3 failed
[2026-02-16 02:47:15] CRITICAL - Configuration issue detected: API_TIMEOUT must be numeric
[2026-02-16 02:47:16] ERROR - Negative transaction detected
[2026-02-16 02:47:16] WARNING - Transaction rollback not implemented
[2026-02-16 02:47:17] ERROR - 47 transactions failed in last 10 seconds
[2026-02-16 02:47:18] ERROR - System shutdown initiated due to errors
[2026-02-16 02:47:18] INFO - Emergency log dump completed
[2026-02-16 02:47:19] INFO - System offline

ROOT CAUSE ANALYSIS:
Please investigate and fix the payment gateway code.
Multiple failures detected - root causes not yet identified.

